2022-09-04 13:37:50,259 INFO ---- New session initiated ----
2022-09-04 13:38:03,735 INFO ---- New session initiated ----
2022-09-04 13:38:14,114 INFO ---- New session initiated ----
2022-09-04 13:39:32,677 INFO ---- New session initiated ----
2022-09-04 13:40:04,669 INFO ---- New session initiated ----
2022-09-04 13:40:14,304 INFO ---- New session initiated ----
2022-09-04 13:40:22,920 INFO ---- New session initiated ----
2022-09-04 13:40:28,651 INFO ---- New session initiated ----
2022-09-04 13:40:34,976 INFO ---- New session initiated ----
2022-09-04 13:40:38,411 INFO ---- New session initiated ----
2022-09-04 13:40:43,847 INFO ---- New session initiated ----
2022-09-04 13:40:47,168 INFO ---- New session initiated ----
2022-09-04 13:40:50,603 INFO ---- New session initiated ----
2022-09-04 13:40:54,468 INFO ---- New session initiated ----
2022-09-04 13:42:32,633 INFO ---- New session initiated ----
2022-09-04 13:42:41,521 INFO ---- New session initiated ----
2022-09-04 13:42:55,466 INFO ---- New session initiated ----
2022-09-04 13:43:35,453 INFO ---- New session initiated ----
2022-09-04 13:43:51,161 INFO ---- New session initiated ----
2022-09-04 13:44:04,782 INFO ---- New session initiated ----
2022-09-04 13:44:32,052 INFO ---- New session initiated ----
2022-09-04 13:44:56,079 INFO ---- New session initiated ----
2022-09-04 13:47:06,279 INFO ---- New session initiated ----
2022-09-04 13:47:08,541 INFO Processing https://gogoanime.ee/Kill-la-kill-episode-1
2022-09-04 13:47:10,192 INFO Processing https://gogoanime.ee/Kill-la-kill-episode-2
2022-09-04 13:47:12,403 INFO Processing https://gogoanime.ee/Kill-la-kill-episode-3
2022-09-04 13:47:13,776 INFO Processing https://gogoanime.ee/Kill-la-kill-episode-4
2022-09-04 13:47:14,967 INFO Processing https://gogoanime.ee/Kill-la-kill-episode-5
2022-09-04 13:47:16,248 INFO Processing https://gogoanime.ee/Kill-la-kill-episode-6
2022-09-04 13:47:17,317 INFO Processing https://gogoanime.ee/Kill-la-kill-episode-7
2022-09-04 13:47:18,493 INFO Processing https://gogoanime.ee/Kill-la-kill-episode-8
2022-09-04 13:47:19,422 INFO Processing https://gogoanime.ee/Kill-la-kill-episode-9
2022-09-04 13:47:20,061 INFO Processing https://gogoanime.ee/Kill-la-kill-episode-10
2022-09-04 13:47:20,615 INFO Processing https://gogoanime.ee/Kill-la-kill-episode-11
2022-09-04 13:47:21,219 INFO Processing https://gogoanime.ee/Kill-la-kill-episode-12
2022-09-04 13:47:21,777 INFO Processing https://gogoanime.ee/Kill-la-kill-episode-13
2022-09-04 13:47:22,323 INFO Processing https://gogoanime.ee/Kill-la-kill-episode-14
2022-09-04 13:47:22,803 INFO Processing https://gogoanime.ee/Kill-la-kill-episode-15
2022-09-04 13:47:23,399 INFO Processing https://gogoanime.ee/Kill-la-kill-episode-16
2022-09-04 13:47:24,239 INFO Processing https://gogoanime.ee/Kill-la-kill-episode-17
2022-09-04 13:47:25,201 INFO Processing https://gogoanime.ee/Kill-la-kill-episode-18
2022-09-04 13:47:26,145 INFO Processing https://gogoanime.ee/Kill-la-kill-episode-19
2022-09-04 13:47:27,414 INFO Processing https://gogoanime.ee/Kill-la-kill-episode-20
2022-09-04 13:47:28,598 INFO Processing https://gogoanime.ee/Kill-la-kill-episode-21
2022-09-04 13:47:29,216 INFO Processing https://gogoanime.ee/Kill-la-kill-episode-22
2022-09-04 13:47:29,812 INFO Processing https://gogoanime.ee/Kill-la-kill-episode-23
2022-09-04 13:47:30,335 INFO Processing https://gogoanime.ee/Kill-la-kill-episode-24
2022-09-04 13:47:30,863 INFO Processing https://gogoanime.ee/Kill-la-kill-episode-25
2022-09-04 13:47:31,351 WARNING Episode not found, terminated search at link: https://gogoanime.ee/Kill-la-kill-episode-25
2022-09-04 13:48:57,116 INFO ---- New session initiated ----
2022-09-04 13:48:58,383 INFO Processing https://gogoanime.ee/Kill-la-kill-episode-1
2022-09-04 13:48:59,847 INFO Processing https://gogoanime.ee/Kill-la-kill-episode-2
2022-09-04 13:49:00,364 INFO Processing https://gogoanime.ee/Kill-la-kill-episode-3
2022-09-04 13:49:00,818 INFO Processing https://gogoanime.ee/Kill-la-kill-episode-4
2022-09-04 13:49:01,299 INFO Processing https://gogoanime.ee/Kill-la-kill-episode-5
2022-09-04 13:49:30,915 INFO ---- New session initiated ----
2022-09-04 13:49:32,063 INFO Processing https://gogoanime.ee/Kill-la-kill-episode-1
2022-09-04 13:49:33,666 INFO Processing https://gogoanime.ee/Kill-la-kill-episode-2
2022-09-04 13:49:36,059 INFO Processing https://gogoanime.ee/Kill-la-kill-episode-3
2022-09-04 13:49:38,412 INFO Processing https://gogoanime.ee/Kill-la-kill-episode-4
2022-09-04 13:49:39,398 INFO Processing https://gogoanime.ee/Kill-la-kill-episode-5
2022-09-04 13:49:59,765 INFO ---- New session initiated ----
2022-09-04 13:50:00,256 INFO Processing https://gogoanime.ee/Kill-la-kill-episode-1
2022-09-04 13:50:01,322 INFO Processing https://gogoanime.ee/Kill-la-kill-episode-2
2022-09-04 13:50:03,199 INFO Processing https://gogoanime.ee/Kill-la-kill-episode-3
2022-09-04 13:50:05,856 INFO Processing https://gogoanime.ee/Kill-la-kill-episode-4
2022-09-04 13:50:07,809 INFO Processing https://gogoanime.ee/Kill-la-kill-episode-5
2022-09-04 13:52:01,029 INFO ---- New session initiated ----
2022-09-04 13:52:01,505 INFO Processing https://gogoanime.ee/Kill-la-kill-episode-1
2022-09-04 13:52:02,167 INFO Processing https://gogoanime.ee/Kill-la-kill-episode-2
2022-09-04 13:52:02,666 INFO Processing https://gogoanime.ee/Kill-la-kill-episode-3
2022-09-04 13:52:03,102 INFO Processing https://gogoanime.ee/Kill-la-kill-episode-4
2022-09-04 13:52:03,915 INFO Processing https://gogoanime.ee/Kill-la-kill-episode-5
2022-09-04 13:52:21,998 INFO ---- New session initiated ----
2022-09-04 13:52:22,798 INFO Processing https://gogoanime.ee/Kill-la-kill-episode-1
2022-09-04 13:52:23,374 INFO Processing https://gogoanime.ee/Kill-la-kill-episode-2
2022-09-04 13:52:23,927 INFO Processing https://gogoanime.ee/Kill-la-kill-episode-3
2022-09-04 13:52:24,405 INFO Processing https://gogoanime.ee/Kill-la-kill-episode-4
2022-09-04 13:52:24,948 INFO Processing https://gogoanime.ee/Kill-la-kill-episode-5
2022-09-04 13:54:20,786 INFO ---- New session initiated ----
2022-09-04 13:54:21,522 INFO Processing https://gogoanime.ee/Kill-la-kill-episode-1
2022-09-04 13:54:22,199 INFO Processing https://gogoanime.ee/Kill-la-kill-episode-2
2022-09-04 13:54:22,998 INFO Processing https://gogoanime.ee/Kill-la-kill-episode-3
2022-09-04 13:54:23,475 INFO Processing https://gogoanime.ee/Kill-la-kill-episode-4
2022-09-04 13:54:23,954 INFO Processing https://gogoanime.ee/Kill-la-kill-episode-5
2022-09-04 13:54:37,107 INFO ---- New session initiated ----
2022-09-04 13:54:37,720 INFO Processing https://gogoanime.ee/Kill-la-kill-episode-1
2022-09-04 13:54:38,249 INFO Processing https://gogoanime.ee/Kill-la-kill-episode-2
2022-09-04 13:54:38,816 INFO Processing https://gogoanime.ee/Kill-la-kill-episode-3
2022-09-04 13:54:39,660 INFO Processing https://gogoanime.ee/Kill-la-kill-episode-4
2022-09-04 13:54:40,114 INFO Processing https://gogoanime.ee/Kill-la-kill-episode-5
2022-09-04 13:55:03,777 INFO ---- New session initiated ----
2022-09-04 13:55:04,617 INFO Processing https://gogoanime.ee/Kill-la-kill-episode-1
2022-09-04 13:55:05,115 INFO Processing https://gogoanime.ee/Kill-la-kill-episode-2
2022-09-04 13:55:05,837 INFO Processing https://gogoanime.ee/Kill-la-kill-episode-3
2022-09-04 13:55:28,262 INFO ---- New session initiated ----
2022-09-04 13:55:41,965 INFO ---- New session initiated ----
2022-09-04 13:55:55,323 INFO ---- New session initiated ----
2022-09-04 13:56:04,549 INFO ---- New session initiated ----
2022-09-04 13:56:09,971 INFO ---- New session initiated ----
2022-09-04 13:56:15,490 INFO ---- New session initiated ----
2022-09-04 13:56:35,024 INFO ---- New session initiated ----
2022-09-04 13:56:39,556 INFO ---- New session initiated ----
2022-09-04 13:56:49,926 INFO ---- New session initiated ----
2022-09-04 13:58:03,003 INFO ---- New session initiated ----
2022-09-04 13:58:30,397 INFO ---- New session initiated ----
2022-09-04 13:58:31,217 INFO Processing https://gogoanime.ee/Kill-la-kill-episode-1
2022-09-04 13:58:31,972 INFO Processing https://gogoanime.ee/Kill-la-kill-episode-2
2022-09-04 13:58:33,179 INFO Processing https://gogoanime.ee/Kill-la-kill-episode-3
2022-09-04 13:58:33,946 INFO Processing https://gogoanime.ee/Kill-la-kill-episode-4
2022-09-04 13:58:34,500 INFO Processing https://gogoanime.ee/Kill-la-kill-episode-5
2022-09-04 13:58:34,979 INFO Processing https://gogoanime.ee/Kill-la-kill-episode-6
2022-09-04 13:58:35,822 INFO Processing https://gogoanime.ee/Kill-la-kill-episode-7
2022-09-04 13:58:36,347 INFO Processing https://gogoanime.ee/Kill-la-kill-episode-8
2022-09-04 13:58:36,810 INFO Processing https://gogoanime.ee/Kill-la-kill-episode-9
2022-09-04 13:58:37,277 INFO Processing https://gogoanime.ee/Kill-la-kill-episode-10
2022-09-04 13:58:38,302 INFO Processing https://gogoanime.ee/Kill-la-kill-episode-11
2022-09-04 13:58:39,090 INFO Processing https://gogoanime.ee/Kill-la-kill-episode-12
2022-09-04 13:58:39,773 INFO Processing https://gogoanime.ee/Kill-la-kill-episode-13
2022-09-04 13:58:40,260 INFO Processing https://gogoanime.ee/Kill-la-kill-episode-14
2022-09-04 13:58:40,788 INFO Processing https://gogoanime.ee/Kill-la-kill-episode-15
2022-09-04 13:58:41,512 INFO Processing https://gogoanime.ee/Kill-la-kill-episode-16
2022-09-04 13:58:42,282 INFO Processing https://gogoanime.ee/Kill-la-kill-episode-17
2022-09-04 13:58:43,033 INFO Processing https://gogoanime.ee/Kill-la-kill-episode-18
2022-09-04 13:58:43,961 INFO Processing https://gogoanime.ee/Kill-la-kill-episode-19
2022-09-04 13:58:44,724 INFO Processing https://gogoanime.ee/Kill-la-kill-episode-20
2022-09-04 13:58:45,476 INFO Processing https://gogoanime.ee/Kill-la-kill-episode-21
2022-09-04 13:58:46,239 INFO Processing https://gogoanime.ee/Kill-la-kill-episode-22
2022-09-04 13:58:47,205 INFO Processing https://gogoanime.ee/Kill-la-kill-episode-23
2022-09-04 13:58:48,460 INFO Processing https://gogoanime.ee/Kill-la-kill-episode-24
2022-09-04 13:58:49,175 INFO Processing https://gogoanime.ee/Kill-la-kill-episode-25
2022-09-04 13:58:50,022 WARNING Episode not found, terminated search at link: https://gogoanime.ee/Kill-la-kill-episode-25
2022-09-04 14:00:05,851 INFO ---- New session initiated ----
2022-09-04 14:00:08,718 INFO Processing https://gogoanime.ee/Kill-la-kill-episode-1
2022-09-04 14:00:10,069 INFO Processing https://gogoanime.ee/Kill-la-kill-episode-2
2022-09-04 14:00:11,053 INFO Processing https://gogoanime.ee/Kill-la-kill-episode-3
2022-09-04 14:00:11,742 INFO Processing https://gogoanime.ee/Kill-la-kill-episode-4
2022-09-04 14:00:12,347 INFO Processing https://gogoanime.ee/Kill-la-kill-episode-5
2022-09-04 14:00:26,930 INFO ---- New session initiated ----
2022-09-04 14:00:27,497 INFO Processing https://gogoanime.ee/spy-x-family-episode-1
2022-09-04 14:00:28,557 INFO Processing https://gogoanime.ee/spy-x-family-episode-2
2022-09-04 14:00:29,132 INFO Processing https://gogoanime.ee/spy-x-family-episode-3
2022-09-04 14:02:47,895 INFO ---- New session initiated ----
2022-09-04 14:02:57,425 INFO Processing https://gogoanime.ee/Spy-x-family-episode-1
2022-09-04 14:02:58,030 INFO Processing https://gogoanime.ee/Spy-x-family-episode-2
2022-09-04 14:02:58,879 INFO Processing https://gogoanime.ee/Spy-x-family-episode-3
2022-09-04 14:02:59,360 INFO Processing https://gogoanime.ee/Spy-x-family-episode-4
2022-09-04 14:03:00,217 INFO Processing https://gogoanime.ee/Spy-x-family-episode-5
2022-09-04 14:03:00,666 INFO Processing https://gogoanime.ee/Spy-x-family-episode-6
2022-09-04 14:03:01,129 INFO Processing https://gogoanime.ee/Spy-x-family-episode-7
2022-09-04 14:03:01,856 INFO Processing https://gogoanime.ee/Spy-x-family-episode-8
2022-09-04 14:03:02,392 INFO Processing https://gogoanime.ee/Spy-x-family-episode-9
2022-09-04 14:03:02,983 INFO Processing https://gogoanime.ee/Spy-x-family-episode-10
2022-09-04 14:03:03,494 INFO Processing https://gogoanime.ee/Spy-x-family-episode-11
2022-09-04 14:03:04,054 INFO Processing https://gogoanime.ee/Spy-x-family-episode-12
2022-09-04 14:03:04,540 INFO Processing https://gogoanime.ee/Spy-x-family-episode-13
2022-09-04 14:03:04,984 WARNING Episode not found, terminated search at link: https://gogoanime.ee/Spy-x-family-episode-13
